<?xml version="1.0" encoding="UTF-8"?>
<!-- Generated by org.testng.reporters.JUnitReportReporter -->
<testsuite hostname="SAI" failures="0" tests="4" name="runners.TestRunner" time="48.685" errors="0" timestamp="2025-09-08T18:29:08 IST" skipped="0">
  <testcase classname="runners.TestRunner" name="runScenario" time="10.579"/>
  <testcase classname="runners.TestRunner" name="runScenario" time="15.306"/>
  <testcase classname="runners.TestRunner" name="runScenario" time="9.790"/>
  <testcase classname="runners.TestRunner" name="runScenario" time="13.010"/>
</testsuite> <!-- runners.TestRunner -->
