<?xml version="1.0" encoding="UTF-8"?>
<!-- Generated by org.testng.reporters.JUnitReportReporter -->
<testsuite hostname="SAI" failures="0" tests="11" name="tests.LoginTest" time="46.168" errors="0" timestamp="2025-09-08T18:29:08 IST" skipped="0">
  <testcase classname="tests.LoginTest" name="verifyCartClosedAndOrdersVisible" time="2.192"/>
  <testcase classname="tests.LoginTest" name="verifyAddiPhone12Pro" time="5.299"/>
  <testcase classname="tests.LoginTest" name="verifyCorrectUrlOpened" time="0.030"/>
  <testcase classname="tests.LoginTest" name="verifyProductAddAndQuantity" time="10.649"/>
  <testcase classname="tests.LoginTest" name="verifyLogin" time="4.332"/>
  <testcase classname="tests.LoginTest" name="verifyCheckout" time="3.221"/>
  <testcase classname="tests.LoginTest" name="verifyAddressPositive" time="3.965"/>
  <testcase classname="tests.LoginTest" name="verifyReceiptAndContinue" time="3.411"/>
  <testcase classname="tests.LoginTest" name="seeorder" time="3.215"/>
  <testcase classname="tests.LoginTest" name="verifyAddToFavourites" time="6.627"/>
  <testcase classname="tests.LoginTest" name="verifyLogout" time="3.227"/>
</testsuite> <!-- tests.LoginTest -->
