<?xml version="1.0" encoding="UTF-8"?>
<!-- Generated by org.testng.reporters.JUnitReportReporter -->
<testsuite hostname="SAI" failures="0" tests="1" name="com.example.AppTest" time="0.014" errors="0" timestamp="2025-09-06T14:16:47 IST" skipped="0">
  <testcase classname="com.example.AppTest" name="shouldAnswerWithTrue" time="0.014"/>
</testsuite> <!-- com.example.AppTest -->
