<?xml version="1.0" encoding="UTF-8"?>
<!-- Generated by org.testng.reporters.JUnitReportReporter -->
<testsuite hostname="SAI" failures="0" tests="11" name="tests.LoginTest" time="47.032" errors="0" timestamp="2025-09-09T12:10:17 IST" skipped="0">
  <testcase classname="tests.LoginTest" name="verifyAddiPhone12Pro" time="5.218"/>
  <testcase classname="tests.LoginTest" name="verifyCartClosedAndOrdersVisible" time="2.220"/>
  <testcase classname="tests.LoginTest" name="verifyCorrectUrlOpened" time="0.031"/>
  <testcase classname="tests.LoginTest" name="verifyProductAddAndQuantity" time="10.589"/>
  <testcase classname="tests.LoginTest" name="verifyLogin" time="5.224"/>
  <testcase classname="tests.LoginTest" name="verifyCheckout" time="3.258"/>
  <testcase classname="tests.LoginTest" name="verifyAddressPositive" time="4.125"/>
  <testcase classname="tests.LoginTest" name="verifyReceiptAndContinue" time="3.381"/>
  <testcase classname="tests.LoginTest" name="seeorder" time="3.206"/>
  <testcase classname="tests.LoginTest" name="verifyAddToFavourites" time="6.548"/>
  <testcase classname="tests.LoginTest" name="verifyLogout" time="3.232"/>
</testsuite> <!-- tests.LoginTest -->
