<?xml version="1.0" encoding="UTF-8"?>
<!-- Generated by org.testng.reporters.JUnitReportReporter -->
<testsuite hostname="SAI" failures="0" tests="4" name="runners.TestRunner" time="31.625" errors="0" timestamp="2025-09-09T13:24:17 IST" skipped="0">
  <testcase classname="runners.TestRunner" name="runScenario" time="8.802"/>
  <testcase classname="runners.TestRunner" name="runScenario" time="6.943"/>
  <testcase classname="runners.TestRunner" name="runScenario" time="8.599"/>
  <testcase classname="runners.TestRunner" name="runScenario" time="7.281"/>
</testsuite> <!-- runners.TestRunner -->
