<?xml version="1.0" encoding="UTF-8"?>
<!-- Generated by org.testng.reporters.JUnitReportReporter -->
<testsuite hostname="SAI" failures="0" tests="4" name="runners.TestRunner" time="37.939" errors="0" timestamp="2025-09-09T12:10:17 IST" skipped="0">
  <testcase classname="runners.TestRunner" name="runScenario" time="10.971"/>
  <testcase classname="runners.TestRunner" name="runScenario" time="7.265"/>
  <testcase classname="runners.TestRunner" name="runScenario" time="9.092"/>
  <testcase classname="runners.TestRunner" name="runScenario" time="10.611"/>
</testsuite> <!-- runners.TestRunner -->
