<?xml version="1.0" encoding="UTF-8"?>
<!-- Generated by org.testng.reporters.JUnitReportReporter -->
<testsuite hostname="SAI" failures="0" tests="4" name="runners.TestRunner" time="52.982" errors="0" timestamp="2025-09-10T22:11:51 IST" skipped="0">
  <testcase classname="runners.TestRunner" name="runScenario" time="10.266"/>
  <testcase classname="runners.TestRunner" name="runScenario" time="11.600"/>
  <testcase classname="runners.TestRunner" name="runScenario" time="11.317"/>
  <testcase classname="runners.TestRunner" name="runScenario" time="19.799"/>
</testsuite> <!-- runners.TestRunner -->
