<?xml version="1.0" encoding="UTF-8"?>
<!-- Generated by org.testng.reporters.JUnitReportReporter -->
<testsuite hostname="SAI" failures="0" tests="11" name="tests.LoginTest" time="44.761" errors="0" timestamp="2025-09-09T13:24:17 IST" skipped="0">
  <testcase classname="tests.LoginTest" name="verifyCartClosedAndOrdersVisible" time="2.144"/>
  <testcase classname="tests.LoginTest" name="verifyAddiPhone12Pro" time="5.128"/>
  <testcase classname="tests.LoginTest" name="verifyProductAddAndQuantity" time="10.377"/>
  <testcase classname="tests.LoginTest" name="verifyCorrectUrlOpened" time="0.025"/>
  <testcase classname="tests.LoginTest" name="verifyLogin" time="4.458"/>
  <testcase classname="tests.LoginTest" name="verifyCheckout" time="3.107"/>
  <testcase classname="tests.LoginTest" name="verifyAddressPositive" time="3.543"/>
  <testcase classname="tests.LoginTest" name="verifyReceiptAndContinue" time="3.266"/>
  <testcase classname="tests.LoginTest" name="seeorder" time="3.144"/>
  <testcase classname="tests.LoginTest" name="verifyAddToFavourites" time="6.418"/>
  <testcase classname="tests.LoginTest" name="verifyLogout" time="3.151"/>
</testsuite> <!-- tests.LoginTest -->
